
*** Running vivado
    with args -log MainSys.vds -m64 -product Vivado -mode batch -messageDb vivado.pb -notrace -source MainSys.tcl


ECHO is off.
ECHO is off.

****** Vivado v2023.2 (64-bit)
  **** SW Build 4029153 on Fri Oct 13 20:14:34 MDT 2023
  **** IP Build 4028589 on Sat Oct 14 00:45:43 MDT 2023
  **** SharedData Build 4025554 on Tue Oct 10 17:18:54 MDT 2023
    ** Copyright 1986-2022 Xilinx, Inc. All Rights Reserved.
    ** Copyright 2022-2023 Advanced Micro Devices, Inc. All Rights Reserved.

source MainSys.tcl -notrace
create_project: Time (s): cpu = 00:00:04 ; elapsed = 00:00:05 . Memory (MB): peak = 473.621 ; gain = 181.484
Command: read_checkpoint -auto_incremental -incremental D:/VIVADO-VIVI/SAFE_BOX/SAFE_BOX.srcs/utils_1/imports/synth_1/MainSys.dcp
INFO: [Vivado 12-5825] Read reference checkpoint from D:/VIVADO-VIVI/SAFE_BOX/SAFE_BOX.srcs/utils_1/imports/synth_1/MainSys.dcp for incremental synthesis
INFO: [Vivado 12-7989] Please ensure there are no constraint changes
Command: synth_design -top MainSys -part xc7a35tcpg236-1
Starting synth_design
Attempting to get a license for feature 'Synthesis' and/or device 'xc7a35t'
INFO: [Common 17-349] Got license for feature 'Synthesis' and/or device 'xc7a35t'
INFO: [Device 21-403] Loading part xc7a35tcpg236-1
INFO: [Designutils 20-5440] No compile time benefit to using incremental synthesis; A full resynthesis will be run
INFO: [Designutils 20-4379] Flow is switching to default flow due to incremental criteria not met. If you would like to alter this behaviour and have the flow terminate instead, please set the following parameter config_implementation {autoIncr.Synth.RejectBehavior Terminate}
INFO: [Synth 8-7079] Multithreading enabled for synth_design using a maximum of 2 processes.
INFO: [Synth 8-7078] Launching helper process for spawning children vivado processes
INFO: [Synth 8-7075] Helper process launched with PID 12196
---------------------------------------------------------------------------------
Starting RTL Elaboration : Time (s): cpu = 00:00:03 ; elapsed = 00:00:05 . Memory (MB): peak = 1309.520 ; gain = 440.699
---------------------------------------------------------------------------------
INFO: [Synth 8-6157] synthesizing module 'MainSys' [D:/VIVADO-VIVI/SAFE_BOX/SAFE_BOX.srcs/sources_1/new/MainSys.v:23]
INFO: [Synth 8-6157] synthesizing module 'divider' [D:/VIVADO-VIVI/SAFE_BOX/SAFE_BOX.srcs/sources_1/new/divider.v:23]
INFO: [Synth 8-6155] done synthesizing module 'divider' (0#1) [D:/VIVADO-VIVI/SAFE_BOX/SAFE_BOX.srcs/sources_1/new/divider.v:23]
INFO: [Synth 8-6157] synthesizing module 'Display7seg' [D:/VIVADO-VIVI/SAFE_BOX/SAFE_BOX.srcs/sources_1/new/Display7seg.v:22]
INFO: [Synth 8-155] case statement is not full and has no default [D:/VIVADO-VIVI/SAFE_BOX/SAFE_BOX.srcs/sources_1/new/Display7seg.v:56]
INFO: [Synth 8-226] default block is never used [D:/VIVADO-VIVI/SAFE_BOX/SAFE_BOX.srcs/sources_1/new/Display7seg.v:71]
INFO: [Synth 8-226] default block is never used [D:/VIVADO-VIVI/SAFE_BOX/SAFE_BOX.srcs/sources_1/new/Display7seg.v:92]
INFO: [Synth 8-226] default block is never used [D:/VIVADO-VIVI/SAFE_BOX/SAFE_BOX.srcs/sources_1/new/Display7seg.v:113]
INFO: [Synth 8-226] default block is never used [D:/VIVADO-VIVI/SAFE_BOX/SAFE_BOX.srcs/sources_1/new/Display7seg.v:134]
INFO: [Synth 8-155] case statement is not full and has no default [D:/VIVADO-VIVI/SAFE_BOX/SAFE_BOX.srcs/sources_1/new/Display7seg.v:69]
INFO: [Synth 8-155] case statement is not full and has no default [D:/VIVADO-VIVI/SAFE_BOX/SAFE_BOX.srcs/sources_1/new/Display7seg.v:157]
INFO: [Synth 8-155] case statement is not full and has no default [D:/VIVADO-VIVI/SAFE_BOX/SAFE_BOX.srcs/sources_1/new/Display7seg.v:165]
INFO: [Synth 8-155] case statement is not full and has no default [D:/VIVADO-VIVI/SAFE_BOX/SAFE_BOX.srcs/sources_1/new/Display7seg.v:173]
INFO: [Synth 8-6155] done synthesizing module 'Display7seg' (0#1) [D:/VIVADO-VIVI/SAFE_BOX/SAFE_BOX.srcs/sources_1/new/Display7seg.v:22]
INFO: [Synth 8-6157] synthesizing module 'counter' [D:/VIVADO-VIVI/SAFE_BOX/SAFE_BOX.srcs/sources_1/new/counter.v:23]
INFO: [Synth 8-6155] done synthesizing module 'counter' (0#1) [D:/VIVADO-VIVI/SAFE_BOX/SAFE_BOX.srcs/sources_1/new/counter.v:23]
INFO: [Synth 8-6157] synthesizing module 'PasswordSys' [D:/VIVADO-VIVI/SAFE_BOX/SAFE_BOX.srcs/sources_1/new/PasswordSys.v:51]
INFO: [Synth 8-6155] done synthesizing module 'PasswordSys' (0#1) [D:/VIVADO-VIVI/SAFE_BOX/SAFE_BOX.srcs/sources_1/new/PasswordSys.v:51]
INFO: [Synth 8-6157] synthesizing module 'lifeCounter' [D:/VIVADO-VIVI/SAFE_BOX/SAFE_BOX.srcs/sources_1/new/lifeCounter.v:23]
INFO: [Synth 8-6155] done synthesizing module 'lifeCounter' (0#1) [D:/VIVADO-VIVI/SAFE_BOX/SAFE_BOX.srcs/sources_1/new/lifeCounter.v:23]
INFO: [Synth 8-6155] done synthesizing module 'MainSys' (0#1) [D:/VIVADO-VIVI/SAFE_BOX/SAFE_BOX.srcs/sources_1/new/MainSys.v:23]
---------------------------------------------------------------------------------
Finished RTL Elaboration : Time (s): cpu = 00:00:04 ; elapsed = 00:00:06 . Memory (MB): peak = 1416.602 ; gain = 547.781
---------------------------------------------------------------------------------
---------------------------------------------------------------------------------
Start Handling Custom Attributes
---------------------------------------------------------------------------------
---------------------------------------------------------------------------------
Finished Handling Custom Attributes : Time (s): cpu = 00:00:04 ; elapsed = 00:00:06 . Memory (MB): peak = 1416.602 ; gain = 547.781
---------------------------------------------------------------------------------
---------------------------------------------------------------------------------
Finished RTL Optimization Phase 1 : Time (s): cpu = 00:00:04 ; elapsed = 00:00:06 . Memory (MB): peak = 1416.602 ; gain = 547.781
---------------------------------------------------------------------------------
Netlist sorting complete. Time (s): cpu = 00:00:00 ; elapsed = 00:00:00.003 . Memory (MB): peak = 1416.602 ; gain = 0.000
INFO: [Project 1-570] Preparing netlist for logic optimization

Processing XDC Constraints
Initializing timing engine
Parsing XDC File [D:/VIVADO-VIVI/Basys-3-Master.xdc]
Finished Parsing XDC File [D:/VIVADO-VIVI/Basys-3-Master.xdc]
INFO: [Project 1-236] Implementation specific constraints were found while reading constraint file [D:/VIVADO-VIVI/Basys-3-Master.xdc]. These constraints will be ignored for synthesis but will be used in implementation. Impacted constraints are listed in the file [.Xil/MainSys_propImpl.xdc].
Resolution: To avoid this warning, move constraints listed in [.Xil/MainSys_propImpl.xdc] to another XDC file and exclude this new file from synthesis with the used_in_synthesis property (File Properties dialog in GUI) and re-run elaboration/synthesis.
Completed Processing XDC Constraints

Netlist sorting complete. Time (s): cpu = 00:00:00 ; elapsed = 00:00:00 . Memory (MB): peak = 1510.668 ; gain = 0.000
INFO: [Project 1-111] Unisim Transformation Summary:
No Unisim elements were transformed.

The system cannot find the path specified.
Constraint Validation Runtime : Time (s): cpu = 00:00:00 ; elapsed = 00:00:00.001 . Memory (MB): peak = 1510.668 ; gain = 0.000
INFO: [Designutils 20-5440] No compile time benefit to using incremental synthesis; A full resynthesis will be run
INFO: [Designutils 20-4379] Flow is switching to default flow due to incremental criteria not met. If you would like to alter this behaviour and have the flow terminate instead, please set the following parameter config_implementation {autoIncr.Synth.RejectBehavior Terminate}
---------------------------------------------------------------------------------
Finished Constraint Validation : Time (s): cpu = 00:00:10 ; elapsed = 00:00:13 . Memory (MB): peak = 1510.668 ; gain = 641.848
---------------------------------------------------------------------------------
---------------------------------------------------------------------------------
Start Loading Part and Timing Information
---------------------------------------------------------------------------------
Loading part: xc7a35tcpg236-1
---------------------------------------------------------------------------------
Finished Loading Part and Timing Information : Time (s): cpu = 00:00:10 ; elapsed = 00:00:13 . Memory (MB): peak = 1510.668 ; gain = 641.848
---------------------------------------------------------------------------------
---------------------------------------------------------------------------------
Start Applying 'set_property' XDC Constraints
---------------------------------------------------------------------------------
---------------------------------------------------------------------------------
Finished applying 'set_property' XDC Constraints : Time (s): cpu = 00:00:10 ; elapsed = 00:00:13 . Memory (MB): peak = 1510.668 ; gain = 641.848
---------------------------------------------------------------------------------
WARNING: [Synth 8-327] inferring latch for variable 'seg_reg' [D:/VIVADO-VIVI/SAFE_BOX/SAFE_BOX.srcs/sources_1/new/Display7seg.v:72]
WARNING: [Synth 8-327] inferring latch for variable 'an_reg' [D:/VIVADO-VIVI/SAFE_BOX/SAFE_BOX.srcs/sources_1/new/Display7seg.v:57]
WARNING: [Synth 8-327] inferring latch for variable 'truth_reg' [D:/VIVADO-VIVI/SAFE_BOX/SAFE_BOX.srcs/sources_1/new/PasswordSys.v:72]
---------------------------------------------------------------------------------
Finished RTL Optimization Phase 2 : Time (s): cpu = 00:00:10 ; elapsed = 00:00:14 . Memory (MB): peak = 1510.668 ; gain = 641.848
---------------------------------------------------------------------------------
---------------------------------------------------------------------------------
Start RTL Component Statistics 
---------------------------------------------------------------------------------
Detailed RTL Component Info : 
+---Adders : 
	   2 Input   28 Bit       Adders := 1     
	   2 Input   14 Bit       Adders := 1     
	   2 Input    2 Bit       Adders := 1     
+---XORs : 
	   2 Input      1 Bit         XORs := 7     
+---Registers : 
	               28 Bit    Registers := 1     
	               14 Bit    Registers := 1     
	                5 Bit    Registers := 1     
	                3 Bit    Registers := 1     
	                2 Bit    Registers := 1     
	                1 Bit    Registers := 1     
+---Muxes : 
	   5 Input    7 Bit        Muxes := 2     
	   8 Input    7 Bit        Muxes := 1     
	   2 Input    4 Bit        Muxes := 1     
	   4 Input    4 Bit        Muxes := 1     
	   5 Input    1 Bit        Muxes := 1     
	   8 Input    1 Bit        Muxes := 1     
	   2 Input    1 Bit        Muxes := 2     
	   4 Input    1 Bit        Muxes := 1     
---------------------------------------------------------------------------------
Finished RTL Component Statistics 
---------------------------------------------------------------------------------
---------------------------------------------------------------------------------
Start Part Resource Summary
---------------------------------------------------------------------------------
Part Resources:
DSPs: 90 (col length:60)
BRAMs: 100 (col length: RAMB18 60 RAMB36 30)
---------------------------------------------------------------------------------
Finished Part Resource Summary
---------------------------------------------------------------------------------
---------------------------------------------------------------------------------
Start Cross Boundary and Area Optimization
---------------------------------------------------------------------------------
WARNING: [Synth 8-7080] Parallel synthesis criteria is not met
---------------------------------------------------------------------------------
Finished Cross Boundary and Area Optimization : Time (s): cpu = 00:00:12 ; elapsed = 00:00:16 . Memory (MB): peak = 1510.668 ; gain = 641.848
---------------------------------------------------------------------------------
---------------------------------------------------------------------------------
Start Applying XDC Timing Constraints
---------------------------------------------------------------------------------
---------------------------------------------------------------------------------
Finished Applying XDC Timing Constraints : Time (s): cpu = 00:00:16 ; elapsed = 00:00:20 . Memory (MB): peak = 1510.668 ; gain = 641.848
---------------------------------------------------------------------------------
---------------------------------------------------------------------------------
Start Timing Optimization
---------------------------------------------------------------------------------
---------------------------------------------------------------------------------
Finished Timing Optimization : Time (s): cpu = 00:00:16 ; elapsed = 00:00:20 . Memory (MB): peak = 1510.668 ; gain = 641.848
---------------------------------------------------------------------------------
---------------------------------------------------------------------------------
Start Technology Mapping
---------------------------------------------------------------------------------
---------------------------------------------------------------------------------
Finished Technology Mapping : Time (s): cpu = 00:00:16 ; elapsed = 00:00:20 . Memory (MB): peak = 1510.668 ; gain = 641.848
---------------------------------------------------------------------------------
---------------------------------------------------------------------------------
Start IO Insertion
---------------------------------------------------------------------------------
---------------------------------------------------------------------------------
Start Flattening Before IO Insertion
---------------------------------------------------------------------------------
---------------------------------------------------------------------------------
Finished Flattening Before IO Insertion
---------------------------------------------------------------------------------
---------------------------------------------------------------------------------
Start Final Netlist Cleanup
---------------------------------------------------------------------------------
---------------------------------------------------------------------------------
Finished Final Netlist Cleanup
---------------------------------------------------------------------------------
---------------------------------------------------------------------------------
Finished IO Insertion : Time (s): cpu = 00:00:19 ; elapsed = 00:00:24 . Memory (MB): peak = 1510.668 ; gain = 641.848
---------------------------------------------------------------------------------
---------------------------------------------------------------------------------
Start Renaming Generated Instances
---------------------------------------------------------------------------------
---------------------------------------------------------------------------------
Finished Renaming Generated Instances : Time (s): cpu = 00:00:19 ; elapsed = 00:00:24 . Memory (MB): peak = 1510.668 ; gain = 641.848
---------------------------------------------------------------------------------
---------------------------------------------------------------------------------
Start Rebuilding User Hierarchy
---------------------------------------------------------------------------------
---------------------------------------------------------------------------------
Finished Rebuilding User Hierarchy : Time (s): cpu = 00:00:19 ; elapsed = 00:00:24 . Memory (MB): peak = 1510.668 ; gain = 641.848
---------------------------------------------------------------------------------
---------------------------------------------------------------------------------
Start Renaming Generated Ports
---------------------------------------------------------------------------------
---------------------------------------------------------------------------------
Finished Renaming Generated Ports : Time (s): cpu = 00:00:19 ; elapsed = 00:00:24 . Memory (MB): peak = 1510.668 ; gain = 641.848
---------------------------------------------------------------------------------
---------------------------------------------------------------------------------
Start Handling Custom Attributes
---------------------------------------------------------------------------------
---------------------------------------------------------------------------------
Finished Handling Custom Attributes : Time (s): cpu = 00:00:19 ; elapsed = 00:00:24 . Memory (MB): peak = 1510.668 ; gain = 641.848
---------------------------------------------------------------------------------
---------------------------------------------------------------------------------
Start Renaming Generated Nets
---------------------------------------------------------------------------------
---------------------------------------------------------------------------------
Finished Renaming Generated Nets : Time (s): cpu = 00:00:19 ; elapsed = 00:00:24 . Memory (MB): peak = 1510.668 ; gain = 641.848
---------------------------------------------------------------------------------
---------------------------------------------------------------------------------
Start Writing Synthesis Report
---------------------------------------------------------------------------------

Report BlackBoxes: 
+-+--------------+----------+
| |BlackBox name |Instances |
+-+--------------+----------+
+-+--------------+----------+

Report Cell Usage: 
+------+-------+------+
|      |Cell   |Count |
+------+-------+------+
|1     |BUFG   |     2|
|2     |CARRY4 |    23|
|3     |LUT1   |     4|
|4     |LUT2   |    41|
|5     |LUT3   |     3|
|6     |LUT4   |     8|
|7     |LUT5   |    26|
|8     |LUT6   |    26|
|9     |FDRE   |    85|
|10    |LD     |    12|
|11    |IBUF   |    18|
|12    |OBUF   |    24|
+------+-------+------+
---------------------------------------------------------------------------------
Finished Writing Synthesis Report : Time (s): cpu = 00:00:19 ; elapsed = 00:00:24 . Memory (MB): peak = 1510.668 ; gain = 641.848
---------------------------------------------------------------------------------
Synthesis finished with 0 errors, 0 critical warnings and 4 warnings.
Synthesis Optimization Runtime : Time (s): cpu = 00:00:13 ; elapsed = 00:00:23 . Memory (MB): peak = 1510.668 ; gain = 547.781
Synthesis Optimization Complete : Time (s): cpu = 00:00:19 ; elapsed = 00:00:24 . Memory (MB): peak = 1510.668 ; gain = 641.848
INFO: [Project 1-571] Translating synthesized netlist
Netlist sorting complete. Time (s): cpu = 00:00:00 ; elapsed = 00:00:00.002 . Memory (MB): peak = 1510.668 ; gain = 0.000
INFO: [Netlist 29-17] Analyzing 35 Unisim elements for replacement
INFO: [Netlist 29-28] Unisim Transformation completed in 0 CPU seconds
INFO: [Project 1-570] Preparing netlist for logic optimization
INFO: [Opt 31-138] Pushed 0 inverter(s) to 0 load pin(s).
Netlist sorting complete. Time (s): cpu = 00:00:00 ; elapsed = 00:00:00 . Memory (MB): peak = 1510.668 ; gain = 0.000
INFO: [Project 1-111] Unisim Transformation Summary:
  A total of 12 instances were transformed.
  LD => LDCE: 12 instances

The system cannot find the path specified.
Synth Design complete | Checksum: b3ed96c3
INFO: [Common 17-83] Releasing license: Synthesis
42 Infos, 4 Warnings, 0 Critical Warnings and 0 Errors encountered.
synth_design completed successfully
synth_design: Time (s): cpu = 00:00:22 ; elapsed = 00:00:29 . Memory (MB): peak = 1510.668 ; gain = 1033.117
Write ShapeDB Complete: Time (s): cpu = 00:00:00 ; elapsed = 00:00:00.001 . Memory (MB): peak = 1510.668 ; gain = 0.000
INFO: [Common 17-1381] The checkpoint 'D:/VIVADO-VIVI/SAFE_BOX/SAFE_BOX.runs/synth_1/MainSys.dcp' has been generated.
INFO: [runtcl-4] Executing : report_utilization -file MainSys_utilization_synth.rpt -pb MainSys_utilization_synth.pb
INFO: [Common 17-206] Exiting Vivado at Sat Dec  9 17:19:16 2023...
