Copyright 1986-2022 Xilinx, Inc. All Rights Reserved. Copyright 2022-2023 Advanced Micro Devices, Inc. All Rights Reserved.
---------------------------------------------------------------------------------------------------------------------------------------------
| Tool Version : Vivado v.2023.2 (win64) Build 4029153 Fri Oct 13 20:14:34 MDT 2023
| Date         : Sat Dec  9 17:20:07 2023
| Host         : MSI running 64-bit major release  (build 9200)
| Command      : report_drc -file MainSys_drc_routed.rpt -pb MainSys_drc_routed.pb -rpx MainSys_drc_routed.rpx
| Design       : MainSys
| Device       : xc7a35tcpg236-1
| Speed File   : -1
| Design State : Fully Routed
---------------------------------------------------------------------------------------------------------------------------------------------

Report DRC

Table of Contents
-----------------
1. REPORT SUMMARY
2. REPORT DETAILS

1. REPORT SUMMARY
-----------------
            Netlist: netlist
          Floorplan: design_1
      Design limits: <entire design considered>
           Ruledeck: default
             Max violations: <unlimited>
             Violations found: 3
+----------+----------+-------------------+------------+
| Rule     | Severity | Description       | Violations |
+----------+----------+-------------------+------------+
| PDRC-153 | Warning  | Gated clock check | 3          |
+----------+----------+-------------------+------------+

2. REPORT DETAILS
-----------------
PDRC-153#1 Warning
Gated clock check  
Net nolabel_line42/an_reg[3]_i_2_n_0 is a gated clock net sourced by a combinational pin nolabel_line42/an_reg[3]_i_2/O, cell nolabel_line42/an_reg[3]_i_2. This is not good design practice and will likely impact performance. For SLICE registers, for example, use the CE pin to control the loading of data.
Related violations: <none>

PDRC-153#2 Warning
Gated clock check  
Net nolabel_line42/seg_reg[6]_i_2_n_0 is a gated clock net sourced by a combinational pin nolabel_line42/seg_reg[6]_i_2/O, cell nolabel_line42/seg_reg[6]_i_2. This is not good design practice and will likely impact performance. For SLICE registers, for example, use the CE pin to control the loading of data.
Related violations: <none>

PDRC-153#3 Warning
Gated clock check  
Net nolabel_line44/truthvalue is a gated clock net sourced by a combinational pin nolabel_line44/truth_reg_i_1/O, cell nolabel_line44/truth_reg_i_1. This is not good design practice and will likely impact performance. For SLICE registers, for example, use the CE pin to control the loading of data.
Related violations: <none>


